<?xml version="1.0" encoding="UTF-8"?>
<!-- Generated by org.testng.reporters.JUnitXMLReporter -->
<testsuite hostname="DESKTOP-QGVDP2Q" ignored="0" name="Command line test" tests="1" failures="1" timestamp="27 Feb 2020 02:04:21 GMT" time="0.018" errors="0">
  <testcase name="OpenANewAccount" time="0.0" classname="test.NewAccountTest">
    <failure type="org.testng.TestNGException" message="
Parameter &amp;apos;email&amp;apos; is required by @Test on method OpenANewAccount but has not been marked @Optional or defined
">
      <![CDATA[org.testng.TestNGException: 
Parameter 'email' is required by @Test on method OpenANewAccount but has not been marked @Optional or defined

... Removed 32 stack frames]]>
    </failure>
  </testcase> <!-- OpenANewAccount -->
</testsuite> <!-- Command line test -->
